-------------------------------------------------------------------------------
Test set: Order.GetOrdersTest
-------------------------------------------------------------------------------
Tests run: 4, Failures: 0, Errors: 4, Skipped: 0, Time elapsed: 0.476 s <<< FAILURE! - in Order.GetOrdersTest
getOrderForUserWithoutAuth(Order.GetOrdersTest)  Time elapsed: 0.195 s  <<< ERROR!
java.lang.ClassCastException: class io.restassured.path.xml.XmlPath cannot be cast to class java.lang.String (io.restassured.path.xml.XmlPath is in unnamed module of loader 'app'; java.lang.String is in module java.base of loader 'bootstrap')
	at Order.GetOrdersTest.setUp(GetOrdersTest.java:36)

getOrderForUserWithoutAuth(Order.GetOrdersTest)  Time elapsed: 0.195 s  <<< ERROR!
java.lang.IllegalArgumentException: Header value cannot be null
	at Order.GetOrdersTest.tearDown(GetOrdersTest.java:43)

getOrderForUserWithAuth(Order.GetOrdersTest)  Time elapsed: 0.225 s  <<< ERROR!
java.lang.ClassCastException: class io.restassured.path.xml.XmlPath cannot be cast to class java.lang.String (io.restassured.path.xml.XmlPath is in unnamed module of loader 'app'; java.lang.String is in module java.base of loader 'bootstrap')
	at Order.GetOrdersTest.setUp(GetOrdersTest.java:36)

getOrderForUserWithAuth(Order.GetOrdersTest)  Time elapsed: 0.225 s  <<< ERROR!
java.lang.IllegalArgumentException: Header value cannot be null
	at Order.GetOrdersTest.tearDown(GetOrdersTest.java:43)

