-------------------------------------------------------------------------------
Test set: User.ChangeParamsUserTest
-------------------------------------------------------------------------------
Tests run: 12, Failures: 0, Errors: 12, Skipped: 0, Time elapsed: 2.532 s <<< FAILURE! - in User.ChangeParamsUserTest
userEmailCanBeChangedWithAuth(User.ChangeParamsUserTest)  Time elapsed: 0.511 s  <<< ERROR!
java.lang.ClassCastException: class io.restassured.path.xml.XmlPath cannot be cast to class java.lang.String (io.restassured.path.xml.XmlPath is in unnamed module of loader 'app'; java.lang.String is in module java.base of loader 'bootstrap')
	at User.ChangeParamsUserTest.userEmailCanBeChangedWithAuth(ChangeParamsUserTest.java:41)

userEmailCanBeChangedWithAuth(User.ChangeParamsUserTest)  Time elapsed: 0.511 s  <<< ERROR!
java.lang.IllegalArgumentException: Header value cannot be null
	at User.ChangeParamsUserTest.tearDown(ChangeParamsUserTest.java:30)

userPasswordCannotBeChangedWithoutAuth(User.ChangeParamsUserTest)  Time elapsed: 0.224 s  <<< ERROR!
java.lang.ClassCastException: class io.restassured.path.xml.XmlPath cannot be cast to class java.lang.String (io.restassured.path.xml.XmlPath is in unnamed module of loader 'app'; java.lang.String is in module java.base of loader 'bootstrap')
	at User.ChangeParamsUserTest.userPasswordCannotBeChangedWithoutAuth(ChangeParamsUserTest.java:127)

userPasswordCannotBeChangedWithoutAuth(User.ChangeParamsUserTest)  Time elapsed: 0.224 s  <<< ERROR!
java.lang.IllegalArgumentException: Header value cannot be null
	at User.ChangeParamsUserTest.tearDown(ChangeParamsUserTest.java:30)

userEmailCannotBeChangedWithoutAuth(User.ChangeParamsUserTest)  Time elapsed: 0.208 s  <<< ERROR!
java.lang.ClassCastException: class io.restassured.path.xml.XmlPath cannot be cast to class java.lang.String (io.restassured.path.xml.XmlPath is in unnamed module of loader 'app'; java.lang.String is in module java.base of loader 'bootstrap')
	at User.ChangeParamsUserTest.userEmailCannotBeChangedWithoutAuth(ChangeParamsUserTest.java:106)

userEmailCannotBeChangedWithoutAuth(User.ChangeParamsUserTest)  Time elapsed: 0.214 s  <<< ERROR!
java.lang.IllegalArgumentException: Header value cannot be null
	at User.ChangeParamsUserTest.tearDown(ChangeParamsUserTest.java:30)

userNameCanBeChangedWithAuth(User.ChangeParamsUserTest)  Time elapsed: 0.448 s  <<< ERROR!
java.lang.ClassCastException: class io.restassured.path.xml.XmlPath cannot be cast to class java.lang.String (io.restassured.path.xml.XmlPath is in unnamed module of loader 'app'; java.lang.String is in module java.base of loader 'bootstrap')
	at User.ChangeParamsUserTest.userNameCanBeChangedWithAuth(ChangeParamsUserTest.java:84)

userNameCanBeChangedWithAuth(User.ChangeParamsUserTest)  Time elapsed: 0.464 s  <<< ERROR!
java.lang.IllegalArgumentException: Header value cannot be null
	at User.ChangeParamsUserTest.tearDown(ChangeParamsUserTest.java:30)

userNameCannotBeChangedWithoutAuth(User.ChangeParamsUserTest)  Time elapsed: 0.185 s  <<< ERROR!
java.lang.ClassCastException: class io.restassured.path.xml.XmlPath cannot be cast to class java.lang.String (io.restassured.path.xml.XmlPath is in unnamed module of loader 'app'; java.lang.String is in module java.base of loader 'bootstrap')
	at User.ChangeParamsUserTest.userNameCannotBeChangedWithoutAuth(ChangeParamsUserTest.java:147)

userNameCannotBeChangedWithoutAuth(User.ChangeParamsUserTest)  Time elapsed: 0.185 s  <<< ERROR!
java.lang.IllegalArgumentException: Header value cannot be null
	at User.ChangeParamsUserTest.tearDown(ChangeParamsUserTest.java:30)

userPasswordCanBeChangedWithAuth(User.ChangeParamsUserTest)  Time elapsed: 0.902 s  <<< ERROR!
java.lang.ClassCastException: class io.restassured.path.xml.XmlPath cannot be cast to class java.lang.String (io.restassured.path.xml.XmlPath is in unnamed module of loader 'app'; java.lang.String is in module java.base of loader 'bootstrap')
	at User.ChangeParamsUserTest.userPasswordCanBeChangedWithAuth(ChangeParamsUserTest.java:62)

userPasswordCanBeChangedWithAuth(User.ChangeParamsUserTest)  Time elapsed: 0.902 s  <<< ERROR!
java.lang.IllegalArgumentException: Header value cannot be null
	at User.ChangeParamsUserTest.tearDown(ChangeParamsUserTest.java:30)

