-------------------------------------------------------------------------------
Test set: User.LoginUserTest
-------------------------------------------------------------------------------
Tests run: 4, Failures: 0, Errors: 4, Skipped: 0, Time elapsed: 0.702 s <<< FAILURE! - in User.LoginUserTest
userCanBeLoggedIn(User.LoginUserTest)  Time elapsed: 0.48 s  <<< ERROR!
java.lang.ClassCastException: class io.restassured.path.xml.XmlPath cannot be cast to class java.lang.Boolean (io.restassured.path.xml.XmlPath is in unnamed module of loader 'app'; java.lang.Boolean is in module java.base of loader 'bootstrap')
	at User.LoginUserTest.userCanBeLoggedIn(LoginUserTest.java:41)

userCanBeLoggedIn(User.LoginUserTest)  Time elapsed: 0.48 s  <<< ERROR!
java.lang.IllegalArgumentException: Header value cannot be null
	at User.LoginUserTest.tearDown(LoginUserTest.java:28)

userCannotBeLoggedInWithFakeData(User.LoginUserTest)  Time elapsed: 0.222 s  <<< ERROR!
java.lang.ClassCastException: class io.restassured.path.xml.XmlPath cannot be cast to class java.lang.String (io.restassured.path.xml.XmlPath is in unnamed module of loader 'app'; java.lang.String is in module java.base of loader 'bootstrap')
	at User.LoginUserTest.userCannotBeLoggedInWithFakeData(LoginUserTest.java:55)

userCannotBeLoggedInWithFakeData(User.LoginUserTest)  Time elapsed: 0.222 s  <<< ERROR!
java.lang.IllegalArgumentException: Header value cannot be null
	at User.LoginUserTest.tearDown(LoginUserTest.java:28)

