-------------------------------------------------------------------------------
Test set: User.CreateUserTest
-------------------------------------------------------------------------------
Tests run: 5, Failures: 0, Errors: 5, Skipped: 0, Time elapsed: 1.39 s <<< FAILURE! - in User.CreateUserTest
userCannotBeCreatedWithoutPassword(User.CreateUserTest)  Time elapsed: 0.27 s  <<< ERROR!
java.lang.ClassCastException: class io.restassured.path.xml.XmlPath cannot be cast to class java.lang.Boolean (io.restassured.path.xml.XmlPath is in unnamed module of loader 'app'; java.lang.Boolean is in module java.base of loader 'bootstrap')
	at User.CreateUserTest.userCannotBeCreatedWithoutPassword(CreateUserTest.java:97)

userThatExistsCannotBeCreated(User.CreateUserTest)  Time elapsed: 0.217 s  <<< ERROR!
java.lang.ClassCastException: class io.restassured.path.xml.XmlPath cannot be cast to class java.lang.String (io.restassured.path.xml.XmlPath is in unnamed module of loader 'app'; java.lang.String is in module java.base of loader 'bootstrap')
	at User.CreateUserTest.userThatExistsCannotBeCreated(CreateUserTest.java:57)

userCannotBeCreatedWithoutName(User.CreateUserTest)  Time elapsed: 0.206 s  <<< ERROR!
java.lang.ClassCastException: class io.restassured.path.xml.XmlPath cannot be cast to class java.lang.Boolean (io.restassured.path.xml.XmlPath is in unnamed module of loader 'app'; java.lang.Boolean is in module java.base of loader 'bootstrap')
	at User.CreateUserTest.userCannotBeCreatedWithoutName(CreateUserTest.java:115)

userCanBeCreated(User.CreateUserTest)  Time elapsed: 0.332 s  <<< ERROR!
java.lang.ClassCastException: class io.restassured.path.xml.XmlPath cannot be cast to class java.lang.Boolean (io.restassured.path.xml.XmlPath is in unnamed module of loader 'app'; java.lang.Boolean is in module java.base of loader 'bootstrap')
	at User.CreateUserTest.userCanBeCreated(CreateUserTest.java:43)

userCannotBeCreatedWithoutEmail(User.CreateUserTest)  Time elapsed: 0.277 s  <<< ERROR!
java.lang.ClassCastException: class io.restassured.path.xml.XmlPath cannot be cast to class java.lang.Boolean (io.restassured.path.xml.XmlPath is in unnamed module of loader 'app'; java.lang.Boolean is in module java.base of loader 'bootstrap')
	at User.CreateUserTest.userCannotBeCreatedWithoutEmail(CreateUserTest.java:79)

